<?xml version="1.0" encoding="UTF-8"?>
<testsuite xmlns:xsi="http://www.w3.org/2001/XMLSchema-instance" xsi:noNamespaceSchemaLocation="https://maven.apache.org/surefire/maven-surefire-plugin/xsd/surefire-test-report.xsd" name="cucumber.Options.TestRunner" time="128.602" tests="28" errors="0" skipped="0" failures="0">
  <properties>
[...]
</properties>
  <testcase name="Verify Money Control Login Page" classname="Verify Money Control Login Page" time="32.98"/>
  <testcase name="Verify shareholder details graph" classname="Verify promoter holding and pledge graph details on the money control stock price page for a given stock" time="31.013"/>
  <testcase name="Verify shareholder details graph" classname="Verify share holder summary graph details on the money control stock price page for a given stock" time="28.246"/>
  <testcase name="Get the driver details" classname="Retrieve and validate the driver details" time="10.644"/>
  <testcase name="Verify Driver Information with valid request #1" classname="Smoke Test Ergast Developer API" time="0.431"/>
  <testcase name="Verify Driver Information with valid request #2" classname="Smoke Test Ergast Developer API" time="0.345"/>
  <testcase name="Verify Driver Information with valid request #3" classname="Smoke Test Ergast Developer API" time="0.926"/>
  <testcase name="Verify Driver Information with valid request #4" classname="Smoke Test Ergast Developer API" time="0.422"/>
  <testcase name="Verify Driver Information with valid request #5" classname="Smoke Test Ergast Developer API" time="0.421"/>
  <testcase name="Verify Driver Information with valid request #6" classname="Smoke Test Ergast Developer API" time="0.349"/>
  <testcase name="Verify Driver Information with valid request #7" classname="Smoke Test Ergast Developer API" time="0.27"/>
  <testcase name="Verify Driver Information with valid request #8" classname="Smoke Test Ergast Developer API" time="0.692"/>
  <testcase name="Verify Driver Information with valid request #9" classname="Smoke Test Ergast Developer API" time="0.541"/>
  <testcase name="Verify Driver Information with valid request #10" classname="Smoke Test Ergast Developer API" time="0.237"/>
  <testcase name="Verify Driver Information with valid request #11" classname="Smoke Test Ergast Developer API" time="0.244"/>
  <testcase name="Verify Driver Information with valid request #12" classname="Smoke Test Ergast Developer API" time="0.288"/>
  <testcase name="Verify Driver Information with valid request #13" classname="Smoke Test Ergast Developer API" time="0.217"/>
  <testcase name="Verify Driver Information with valid request #14" classname="Smoke Test Ergast Developer API" time="0.251"/>
  <testcase name="Verify Driver Information with valid request #15" classname="Smoke Test Ergast Developer API" time="0.386"/>
  <testcase name="Verify Driver Information with valid request #16" classname="Smoke Test Ergast Developer API" time="0.411"/>
  <testcase name="Verify Driver Information with valid request #17" classname="Smoke Test Ergast Developer API" time="0.303"/>
  <testcase name="Verify Driver Information with valid request #18" classname="Smoke Test Ergast Developer API" time="0.318"/>
  <testcase name="Verify Driver Information with valid request #19" classname="Smoke Test Ergast Developer API" time="0.31"/>
  <testcase name="Verify Driver Information with valid request #20" classname="Smoke Test Ergast Developer API" time="0.413"/>
  <testcase name="Verify Driver Information with valid request #21" classname="Smoke Test Ergast Developer API" time="0.295"/>
  <testcase name="Verify driver details against csv file" classname="Verify driver details" time="0.55"/>
  <testcase name="Verify driver details against UI #1" classname="Verify UI details against Ergast Developer API" time="7.363"/>
  <testcase name="Verify driver details against UI #2" classname="Verify UI details against Ergast Developer API" time="6.783"/>
</testsuite>